<?xml version="1.0" encoding="UTF-8"?>
<!-- Generated by org.testng.reporters.JUnitReportReporter -->
<testsuite hostname="sys" failures="0" tests="1" name="WebUITesting.WebTest" time="52.870" errors="0" timestamp="2021-06-30T18:00:39 IST" skipped="0">
  <testcase classname="WebUITesting.WebTest" name="VerifyMkMyTrip" time="52.870"/>
  <system-out/>
</testsuite> <!-- WebUITesting.WebTest -->
